RAT, version 1.0.1
Status messages enabled: info detail 
Hostname: enrg-Veriton-M275 PID: 19800
Seeding random number generator: 743677048
DB: Loading /home/enrg/Software/WMUtils/ratpac/data/BNL_WLS_MODEL.ratdb ... Success!
DB: Loading /home/enrg/Software/WMUtils/ratpac/data/BONSAI.ratdb ... Success!
DB: Loading /home/enrg/Software/WMUtils/ratpac/data/DAQ.ratdb ... Success!
DB: Loading /home/enrg/Software/WMUtils/ratpac/data/DETECTOR.ratdb ... Success!
DB: Loading /home/enrg/Software/WMUtils/ratpac/data/DICEBOX158GD.ratdb ... Success!
DB: Loading /home/enrg/Software/WMUtils/ratpac/data/ELEMENTS.ratdb ... Success!
DB: Loading /home/enrg/Software/WMUtils/ratpac/data/IBD.ratdb ... Success!
DB: Loading /home/enrg/Software/WMUtils/ratpac/data/IO.ratdb ... Success!
DB: Loading /home/enrg/Software/WMUtils/ratpac/data/MATERIALS.ratdb ... Success!
DB: Loading /home/enrg/Software/WMUtils/ratpac/data/MATERIALS_WM_wbls_Jan21.ratdb ... Success!
DB: Loading /home/enrg/Software/WMUtils/ratpac/data/MATERIALS_Watchman.ratdb ... DB: Replacing default MATERIAL[photocathode_R7081HQE] in database.

DB: Replacing default MATERIAL[photocathode_R3600] in database.

Success!
DB: Loading /home/enrg/Software/WMUtils/ratpac/data/MC.ratdb ... Success!
DB: Loading /home/enrg/Software/WMUtils/ratpac/data/NOISE.ratdb ... Success!
DB: Loading /home/enrg/Software/WMUtils/ratpac/data/NOISEProc.ratdb ... Success!
DB: Loading /home/enrg/Software/WMUtils/ratpac/data/NTUPLE.ratdb ... Success!
DB: Loading /home/enrg/Software/WMUtils/ratpac/data/OPTICS.ratdb ... Success!
DB: Loading /home/enrg/Software/WMUtils/ratpac/data/OPTICS_WM_wbls_Jan21.ratdb ... Success!
DB: Loading /home/enrg/Software/WMUtils/ratpac/data/OPTICS_Watchman.ratdb ... DB: Replacing default OPTICS[photocathode_R7081HQE] in database.

DB: Replacing default OPTICS[photocathode_R3600] in database.

Success!
DB: Loading /home/enrg/Software/WMUtils/ratpac/data/PMT.ratdb ... Success!
DB: Loading /home/enrg/Software/WMUtils/ratpac/data/PMTCHARGE.ratdb ... Success!
DB: Loading /home/enrg/Software/WMUtils/ratpac/data/PMTTRANSIT.ratdb ... Success!
DB: Loading /home/enrg/Software/WMUtils/ratpac/data/RUN.ratdb ... Success!
DB: Loading /home/enrg/Software/WMUtils/ratpac/data/SPECTRUM.ratdb ... Success!
DB: Loading /home/enrg/Software/WMUtils/ratpac/data/SPECTRUM_SUPERNOVA.ratdb ... Success!
DB: Loading /home/enrg/Software/WMUtils/ratpac/data/SURFACES_Watchman.ratdb ... Success!
DB: Loading /home/enrg/Software/WMUtils/ratpac/data/WIMP.ratdb ... Success!
Setting default output file to output_file.root

**************************************************************
 Geant4 version Name: geant4-10-04-patch-03    (8-February-2019)
                       Copyright : Geant4 Collaboration
                      References : NIM A 506 (2003), 250-303
                                 : IEEE-TNS 53 (2006), 270-278
                                 : NIM A 835 (2016), 186-225
                             WWW : http://geant4.org/
**************************************************************

<<< Geant4 Physics List simulation engine: Shielding 2.1

Visualization Manager instantiating with verbosity "warnings (3)"...
Visualization Manager initialising...
Registering graphics systems...

You have successfully registered the following graphics systems.
Current available graphics systems are:
ASCIITree (ATree)
DAWNFILE (DAWNFILE)
G4HepRep (HepRepXML)
G4HepRepFile (HepRepFile)
G4HepRep (HepRepXML)
RayTracer (RayTracer)
VRML1FILE (VRML1FILE)
VRML2FILE (VRML2FILE)
OpenGLImmediateQt (OGLIQt)
OpenGLStoredQt (OGLSQt)

Registering model factories...

You have successfully registered the following model factories.
Registered model factories:
  generic
  drawByCharge
  drawByParticleID
  drawByOriginVolume
  drawByAttribute

Registered models:
  watchmodel (Current)

Registered filter factories:
  chargeFilter
  particleFilter
  originVolumeFilter
  attributeFilter

You have successfully registered the following user vis actions.
Run Duration User Vis Actions: none
End of Event User Vis Actions: none
End of Run User Vis Actions: none

Some /vis commands (optionally) take a string to specify colour.
"/vis/list" to see available colours.
ERROR: Can not open a macro file <mac/Reactor_testbed.mac>. Set macro path with "/control/macroPath" if needed.
Run time:      0.29 sec
CPU usage: user     0.45 sec	sys   0.10 sec
Processor usage statistics
--------------------------
             Event source: -nan sec/event
--------------------------
Total: -nan sec/event

Graphics systems deleted.
Visualization Manager deleting...
